  Main.cpp
c:\users\yorda\desktop\(co)'s wrapper\scanner.h(49): warning C4244: 'argument': conversion from 'time_t' to 'unsigned int', possible loss of data
c:\users\yorda\desktop\(co)'s wrapper\scanner.h(259): warning C4309: '=': truncation of constant value
c:\users\yorda\desktop\(co)'s wrapper\utils.h(286): warning C4309: '=': truncation of constant value
c:\users\yorda\desktop\(co)'s wrapper\xorstring.h(60): warning C4307: '*': integral constant overflow
c:\users\yorda\desktop\(co)'s wrapper\xorstring.h(60): warning C4309: 'static_cast': truncation of constant value
c:\users\yorda\desktop\(co)'s wrapper\base64encryption.h(17): warning C4018: '<': signed/unsigned mismatch
c:\users\yorda\desktop\(co)'s wrapper\base64encryption.h(39): warning C4018: '<': signed/unsigned mismatch
c:\users\yorda\desktop\(co)'s wrapper\base64encryption.h(55): warning C4018: '<': signed/unsigned mismatch
c:\users\yorda\desktop\(co)'s wrapper\base64encryption.h(82): warning C4101: 'j': unreferenced local variable
c:\users\yorda\desktop\(co)'s wrapper\mouselib.h(36): warning C4244: 'initializing': conversion from 'lua_Number' to 'float', possible loss of data
c:\users\yorda\desktop\(co)'s wrapper\mouselib.h(39): warning C4244: 'argument': conversion from 'float' to 'DWORD', possible loss of data
c:\users\yorda\desktop\(co)'s wrapper\mouselib.h(46): warning C4244: 'initializing': conversion from 'lua_Number' to 'float', possible loss of data
c:\users\yorda\desktop\(co)'s wrapper\mouselib.h(49): warning C4244: 'argument': conversion from 'float' to 'DWORD', possible loss of data
c:\users\yorda\desktop\(co)'s wrapper\mouselib.h(56): warning C4244: 'initializing': conversion from 'lua_Number' to 'int', possible loss of data
c:\users\yorda\desktop\(co)'s wrapper\mouselib.h(69): warning C4244: 'initializing': conversion from 'lua_Number' to 'LONG', possible loss of data
c:\users\yorda\desktop\(co)'s wrapper\mouselib.h(70): warning C4244: 'initializing': conversion from 'lua_Number' to 'LONG', possible loss of data
c:\users\yorda\desktop\(co)'s wrapper\mouselib.h(98): warning C4244: 'initializing': conversion from 'lua_Number' to 'WORD', possible loss of data
c:\users\yorda\desktop\(co)'s wrapper\mouselib.h(106): warning C4244: 'initializing': conversion from 'lua_Number' to 'WORD', possible loss of data
c:\users\yorda\desktop\(co)'s wrapper\mouselib.h(116): warning C4244: 'initializing': conversion from 'lua_Number' to 'WORD', possible loss of data
c:\users\yorda\desktop\(co)'s wrapper\mouselib.h(117): warning C4244: 'initializing': conversion from 'lua_Number' to 'int', possible loss of data
c:\users\yorda\desktop\(co)'s wrapper\main.cpp(14): warning C4838: conversion from 'int' to 'const char' requires a narrowing conversion
c:\users\yorda\desktop\(co)'s wrapper\main.cpp(14): warning C4309: 'initializing': truncation of constant value
c:\users\yorda\desktop\(co)'s wrapper\main.cpp(23): warning C4838: conversion from 'int' to 'const char' requires a narrowing conversion
c:\users\yorda\desktop\(co)'s wrapper\main.cpp(23): warning C4309: 'initializing': truncation of constant value
  Generating code
  6 of 1903 functions ( 0.3%) were compiled, the rest were copied from previous compilation.
    0 functions were new in current compilation
    2 functions had inline decision re-evaluated but remain unchanged
  Finished generating code
  RyoWrapper.vcxproj -> C:\Users\yorda\Desktop\(Co)'s Wrapper\Release\RyoWrapper.dll
